<!doctype html>
<html lang="en">

	<head>
		<meta charset="utf-8">

		<title>Need for Speed Ri Caragol Presentation</title>

		<meta name="description" content="A framework for easily creating beautiful presentations using HTML">
		<meta name="author" content="Ri Caragol">

		<meta name="apple-mobile-web-app-capable" content="yes" />
		<meta name="apple-mobile-web-app-status-bar-style" content="black-translucent" />

		<meta name="viewport" content="width=device-width, initial-scale=1.0, maximum-scale=1.0, user-scalable=no">

		<link rel="stylesheet" href="css/reveal.min.css">
		<link rel="stylesheet" href="css/theme/sky.css" id="theme">

		<!-- For syntax highlighting -->
		<link rel="stylesheet" href="lib/css/zenburn.css">

		<!-- If the query includes 'print-pdf', include the PDF print sheet -->
		<script>
			if( window.location.search.match( /print-pdf/gi ) ) {
				var link = document.createElement( 'link' );
				link.rel = 'stylesheet';
				link.type = 'text/css';
				link.href = 'css/print/pdf.css';
				document.getElementsByTagName( 'head' )[0].appendChild( link );
			}
		</script>

		<!--[if lt IE 9]>
		<script src="lib/js/html5shiv.js"></script>
		<![endif]-->
	</head>

	<body>

		<div class="reveal">

			<!-- Any section element inside of this container is displayed as a slide -->
			<div class="slides">
				<section>
					<h1>Need For Speed</h1>
					<h3>Shaving Milliseconds Like a Boss</h3>
					<p>
						<small>Created by <a href="http://iamri.com">Ri Caragol</a> / <a href="http://twitter.com/ritec">@ritec</a></small>
					</p>
				</section>

				<section>
					<h2>Topics for Today</h2>
					<ul>
						<li>Why is faster better?</li>
						<li>Indexes, why and when.</li>
						<li>Explain and Analyze</li>
						<li>Benchmarking</li>
						<li>N+1 Problem and Bullet Gem</li>
				</section>


				<section>
					<section>
							<h2>Why is faster better?</h2>
							<ul>
								<li>Amazon loses 1% of sales for every 100ms it takes their site to load.</li>
								<li>Shopzilla reduced their loading time from 7 seconds to 2. This performance boost resulted in a 25% increase in pageviews and a 9.5% increase in 		revenue.</li>
								<li>Mozilla shaved 2.2 seconds off their landing pages and increased download conversions by 15.4%, generating millions of additional Firefox 		downloads every year.</li>
								<li>Slow Load times = Poor User Experience = Poor Search Ranking</li>
							</ul>
					</section>
					<section>
						<img src="insight-conversions.png" />
						<h4>How speed affects your conversion rate</h4>
						<p style="font-size:28px;">
Speed affects conversions in a big way. For most e-commerce stores, the association between speed and conversions looks something like the graph above. In this example, you can see that visitors who experience an average 1 second load time convert twice as often as visitors who experience an 4 second average load time.
						</p>
						<p style="font-size:12px;">reference: http://torbit.com/benefits/</p>
					</section>
				</section>

				<section>
					<h2> Adding Indexes </h2>
					<p>Indexes dramatically improve performance in SQL queries and generally should be added when:</p>
					<ul>
						<li>You have foreign keys</li>
						<li>You have a column that is sorted often</li>
						<li>There are lookup fields and columns that are used in a GROUP BY</li>
						<li>When we fetch records directly using unique identifiers like email or username - add a unique index.</li>
					</ul>
				</section>

				<section>
					<h2>Things to keep in mind.</h2>
					<ul>
						<li>Without an Index we have to scan the whole table, this is inefficient.</li>
						<li>Once an index is created, no further intervention is required: the system will update the index when the table is modified.</li>
						<li>Your DB will use the index in queries when it thinks doing so would be more efficient than a sequential table scan.</li>
						<li>Creating an index on a large table can take a long time. Reads are allowed, but writes won't be.</li>
						<li>Indexes can be built concurrently to allow writes but there are caveats.</li>
						<li>Indexes add data manipulation overhead to data manipulation operations.</li>
					</ul>
					<p> </p>
				</section>


				<section>
					<h2>Let's see if we comply...</h2>
					<pre><code data-trim contenteditable style="font-size: 16px; margin-top: 20px;">
c = ActiveRecord::Base.connection
c.tables.collect do |t|  
  columns = c.columns(t).collect(&:name).select {|x| x.ends_with?("_id" || x.ends_with("_type"))}
  indexed_columns = c.indexes(t).collect(&:columns).flatten.uniq
  unindexed = columns - indexed_columns
  unless unindexed.empty?
    puts "#{t}: #{unindexed.join(", ")}"
  end
end
					</code></pre>
				</section>

				<section>
					<h2>Benchmarking</h2>
					<p>
						Ruby comes with a module called Benchmark which provides methods to measure and report the time it takes to execute ruby code. Benchmarks example:
						<pre><code data-trim contenteditable style="font-size: 16px; margin-top: 20px;">
require 'benchmark'

 puts Benchmark.measure { puts "Chris, thanks for organizing MOBI Conf"*900_000 }
					</code></pre>
					This will result in this report:
					<pre><code data-trim contenteditable style="font-size: 18px; margin-top: 20px;">
  0.020000   0.240000   0.260000 (  1.502408)
  user       system     total       real
					</code></pre>
					Respectively these are, user CPU time, system CPU time, the sum of the user and system CPU times, and the elapsed real time.
					</p>
					<aside class="notes">
						Real shows total turn-around time for a process Clock Time; while User shows the execution time for user-defined instructions (actual code execution time) and Sys is for time for executing system calls within the kernel! 
						Real time includes the waiting time also (the waiting time for I/O etc.)

						http://stackoverflow.com/questions/556405/what-do-real-user-and-sys-mean-in-the-output-of-time1
					</aside>
				</section>

				<section>
					<h2>Benchmarking methods</h2>
					<pre><code data-trim contenteditable style="font-size: 18px; margin-top: 20px;">
- benchmark(caption = "", label_width = nil, format = nil, *labels)
- bm(label_width = 0, *labels)
- bmbm(width = 0)
- measure(label = "")
- realtime()
					</code></pre>
					<aside class="notes">
						Sometimes benchmark results are skewed because code executed earlier encounters different garbage collection overheads than that run later. bmbm attempts to minimize this effect by running the tests twice, the first time as a rehearsal in order to get the runtime environment stable, the second time for real. GC.start is executed before the start of each of the real timings; the cost of this is not included in the timings. In reality, though, thereâ€™s only so much that bmbm can do, and the results are not guaranteed to be isolated from garbage collection and other effects.

						Because bmbm takes two passes through the tests, it can calculate the required label width.

						http://www.ruby-doc.org/stdlib-1.9.3/libdoc/benchmark/rdoc/Benchmark.html#method-c-benchmark
					</aside>
				</section>

				<section>
					<h2>Benchmarking examples</h2>
					<pre><code data-trim contenteditable style="font-size: 18px; margin-top: 20px;">
Example 1
					</code></pre>
				</section>

				<section>
					<h2>Benchmarking Queries</h2>
					<pre><code data-trim contenteditable style="font-size: 18px; margin-top: 20px;">
//Use People without Employees example
Benchmark.measure{ b.people.authorized.in_role('enduser').readonly }
					</code></pre>
				</section>

				<section>
					<h2>Explain Yourself...</h2>
					<p>EXPLAIN is a Postgres command used to see how long a statement is taking to execute and what exactly it is doing. Explain will output the number of rows the query will touch, the cost and the width in bytes. The Cost is actually an arbitrary number can can be though of as units of work. Explain does not actually run the query.
					</p>
					<pre><code data-trim contenteditable style="font-size: 18px; margin-top: 20px;">
mobi_dev=# explain select * from lines;
                           QUERY PLAN                           
----------------------------------------------------------------
 Seq Scan on lines  (cost=0.00..10016.26 rows=253726 width=318)
					</code></pre>

					<aside class="notes">
						https://wiki.postgresql.org/wiki/Introduction_to_VACUUM,_ANALYZE,_EXPLAIN,_and_COUNT 

						Vacuuming isn't the only periodic maintenance your database needs. You also need to analyze the database so that the query planner has table statistics it can use when deciding how to execute a query. Simply put: Make sure you're running ANALYZE frequently enough, preferably via autovacuum. And increase the default_statistics_target (in postgresql.conf) to 100.

						PostgreSQL has a very complex query optimizer. Depending on how you want to count, there are nearly a dozen different building blocks that can go into executing a query, and if the query joins several tables there can be hundreds or even thousands of different ways to process those joins. Add everything together and it's not hard to end up with over a million different possible ways to execute a single query.
						So, how does the planner determine the best way to run a query? Each of those different 'building blocks' (which are technically called query nodes) has an associated function that generates a cost. This is what you see when you run EXPLAIN:
					</aside>
				</section>

				<!-- Example of nested vertical slides -->
				<section>
					<section>
						<h2>But I can't explain properly, without analyzing first...</h2>
<pre><code data-trim contenteditable style="font-size: 20px; margin-top: 10px;">
mobi_dev=# explain select * from lines where active = true;
                           QUERY PLAN                           
----------------------------------------------------------------
 Seq Scan on lines  (cost=0.00..10016.26 rows=171925 width=318)
   Filter: active
(2 rows)

mobi_dev=# analyze lines;
ANALYZE
mobi_dev=# explain select * from lines where active = true;
                           QUERY PLAN                           
----------------------------------------------------------------
 Seq Scan on lines  (cost=0.00..10015.92 rows=172874 width=318)
   Filter: active
(2 rows)
</code></pre>
					</section>
				</section>

				<section>
						<h2>Analyze and Explain</h2>
						<p>Give the query planner up-to-date statistics so that it can plan the best way to execute a query.</p>

<pre><code data-trim contenteditable style="font-size: 14px; margin-top: 10px;">
mobi_dev=# explain analyze select * from lines where active = true ORDER BY liability;
                                                      QUERY PLAN                                                      
----------------------------------------------------------------------------------------------------------------------
 Sort  (cost=75875.41..76307.59 rows=172874 width=318) (actual time=977.444..1088.552 rows=172017 loops=1)
   Sort Key: liability
   Sort Method: external sort  Disk: 37080kB
   ->  Seq Scan on lines  (cost=0.00..10015.92 rows=172874 width=318) (actual time=0.012..64.158 rows=172017 loops=1)
         Filter: active
         Rows Removed by Filter: 81675
 Total runtime: 1128.558 ms
(7 rows)
</code></pre>
<pre><code data-trim contenteditable style="font-size: 14px; margin-top: 10px;">
mobi_dev=# explain analyze select * from lines where active = true ORDER BY created_by_id;
                                                                      QUERY PLAN                                                                      
------------------------------------------------------------------------------------------------------------------------------------------------------
 Index Scan using index_lines_on_created_by_id on lines  (cost=0.42..35829.77 rows=172874 width=318) (actual time=2.541..142.403 rows=172017 loops=1)
   Filter: active
   Rows Removed by Filter: 81675
 Total runtime: 151.742 ms
(4 rows)
</code></pre>
				</section>

				<section>
						<h2>NOT IN VS EXCEPT</h2>

<pre><code data-trim contenteditable style="font-size: 14px; margin-top: 10px;">
mobi_dev=# explain analyze  select count(*) from people where active = 't' 
and business_id = 23 and (employee_id is null or employee_id NOT IN 
(select external_employee_id from employees where business_id = 23));
                                                                                 QUERY PLAN                                                                                 
----------------------------------------------------------------------------------------------------------------------------------------------------------------------------
 Aggregate  (cost=4977232278.72..4977232278.73 rows=1 width=0) (actual time=2537954.427..2537954.428 rows=1 loops=1)
   ->  Index Scan using index_people_on_business_id on people  (cost=3662.91..4977232151.30 rows=50966 width=0) (actual time=268984.300..2537950.020 rows=1989 loops=1)
         Index Cond: (business_id = 23)
         Filter: (active AND ((employee_id IS NULL) OR (NOT (SubPlan 1))))
         Rows Removed by Filter: 130041
         SubPlan 1
           ->  Materialize  (cost=3662.48..76640.29 rows=194846 width=7) (actual time=0.010..12.101 rows=90526 loops=100238)
                 ->  Bitmap Heap Scan on employees  (cost=3662.48..74904.06 rows=194846 width=7) (actual time=267.761..1910.034 rows=179716 loops=1)
                       Recheck Cond: (business_id = 23)
                       Rows Removed by Index Recheck: 61151
                       ->  Bitmap Index Scan on index_employees_on_business_id  (cost=0.00..3613.77 rows=194846 width=0) (actual time=265.645..265.645 rows=232292 loops=1)
                             Index Cond: (business_id = 23)
 Total runtime: 2537957.639 ms
(13 rows)
</code></pre>
<pre><code>
SELECT employee_id
FROM people
WHERE people.active = 't' AND people.business_id = 21
EXCEPT
SELECT external_employee_id
FROM employees;
</code></pre>
				</section>


				<section>
					<h2>N+1 Queries and Eager Loading</h2>
					<p>
						What is Eager Loading (N+1) queries? 
						Eager loading is a way to improve performance by loading associated content through the DB but unfortunately it can be a database performance problem at times. 
					</p>
				</section>

				<section>
					<h2>Eager Loading Example</h2>
					<p>
						What is Eager Loading (N+1) queries? 
						Eager loading is a way to improve performance by loading associated content through the DB but unfortunately it can be a database performance problem at times. 
					</p>
				</section>

				<section>
					<h2>Auto Generated Routes</h2>
				</section>

				<section>
					<h2>Symbols Vs Strings</h2>
					<p>
						Try it out! You can swipe through the slides and pinch your way to the overview.
					</p>
				</section>

				<section>
					<h2>References</h2>
					<ul>
						<li>http://torbit.com/benefits/</li>
						<li>https://tomafro.net/2009/09/quickly-list-missing-foreign-key-indexes</li>
						<li>http://www.ruby-doc.org/stdlib-1.9.3/libdoc/benchmark/rdoc/Benchmark.html</li>
						<li>http://stackoverflow.com/questions/556405/what-do-real-user-and-sys-mean-in-the-output-of-time1</li>
						<li></li>
						<li>https://wiki.postgresql.org/wiki/Introduction_to_VACUUM,_ANALYZE,_EXPLAIN,_and_COUNT</li>
						<li></li>
						<li></li>
						<li>http://railscasts.com/episodes/22-eager-loading-revised</li>
						<li></li>
						<li></li>
						<li></li>
						<li></li>
					</ul>
					<p>
						You can link between slides internally,
						<a href="#/2/3">like this</a>.
					</p>
				</section>

				<section>
					<h1>Questions, comments, concerns, observations, thoughts etc?</h1>
					<h3>BY Ri Caragol / iamri.com</h3>
				</section>

			</div>

		</div>

		<script src="lib/js/head.min.js"></script>
		<script src="js/reveal.min.js"></script>

		<script>

			// Full list of configuration options available here:
			// https://github.com/hakimel/reveal.js#configuration
			Reveal.initialize({
				controls: true,
				progress: true,
				history: true,
				center: true,

				theme: Reveal.getQueryHash().theme, // available themes are in /css/theme
				transition: Reveal.getQueryHash().transition || 'default', // default/cube/page/concave/zoom/linear/fade/none

				// Parallax scrolling
				 parallaxBackgroundImage: 'speed.jpg',
				 parallaxBackgroundSize: '1914px 1075px',

				// Optional libraries used to extend on reveal.js
				dependencies: [
					{ src: 'lib/js/classList.js', condition: function() { return !document.body.classList; } },
					{ src: 'plugin/markdown/marked.js', condition: function() { return !!document.querySelector( '[data-markdown]' ); } },
					{ src: 'plugin/markdown/markdown.js', condition: function() { return !!document.querySelector( '[data-markdown]' ); } },
					{ src: 'plugin/highlight/highlight.js', async: true, callback: function() { hljs.initHighlightingOnLoad(); } },
					{ src: 'plugin/zoom-js/zoom.js', async: true, condition: function() { return !!document.body.classList; } },
					{ src: 'plugin/notes/notes.js', async: true, condition: function() { return !!document.body.classList; } }
				]
			});

		</script>

	</body>
</html>
